2024-10-02 16:08:33,016 - DEBUG - Starting new HTTPS connection (1): api.schwabapi.com:443
2024-10-02 16:08:33,380 - DEBUG - https://api.schwabapi.com:443 "POST /v1/oauth/token HTTP/11" 200 103
2024-10-02 16:08:33,381 - INFO - Access token retrieved successfully.
2024-10-02 16:08:33,381 - INFO - Fetching price history for NIO...
2024-10-02 16:08:33,383 - DEBUG - Starting new HTTPS connection (1): api.schwabapi.com:443
2024-10-02 16:08:33,616 - DEBUG - https://api.schwabapi.com:443 "GET /marketdata/v1/pricehistory?symbol=NIO&periodType=year&period=2&frequencyType=daily&frequency=1&needExtendedHoursData=false&needPreviousClose=false HTTP/11" 200 10788
2024-10-02 16:08:33,617 - INFO - Successfully fetched price history for NIO.
2024-10-02 16:08:33,619 - INFO - Successfully retrieved 502 high-low pairs and 502 open-close pairs.
2024-10-02 16:08:33,619 - DEBUG - Price Range (High - Low): Mean = 0.47, 1\u03c3 = 0.79, 2\u03c3 = 1.11
2024-10-02 16:08:34,541 - DEBUG - Price Range (Open - Close): Mean = 0.24, 1\u03c3 = 0.50, 2\u03c3 = 0.76
2024-10-02 16:08:34,728 - INFO - Successfully calculated and plotted standard deviations for price ranges.
2024-10-02 16:13:06,774 - DEBUG - Starting new HTTPS connection (1): api.schwabapi.com:443
2024-10-02 16:13:07,027 - DEBUG - https://api.schwabapi.com:443 "POST /v1/oauth/token HTTP/11" 200 103
2024-10-02 16:13:07,027 - INFO - Access token retrieved successfully.
2024-10-02 16:13:07,027 - INFO - Fetching price history for NIO...
2024-10-02 16:13:07,029 - DEBUG - Starting new HTTPS connection (1): api.schwabapi.com:443
2024-10-02 16:13:07,288 - DEBUG - https://api.schwabapi.com:443 "GET /marketdata/v1/pricehistory?symbol=NIO&periodType=year&period=2&frequencyType=daily&frequency=1&needExtendedHoursData=false&needPreviousClose=false HTTP/11" 200 10788
2024-10-02 16:13:07,290 - INFO - Successfully fetched price history for NIO.
2024-10-02 16:13:07,296 - INFO - Successfully retrieved 502 high-low pairs and 502 open-close pairs.
2024-10-02 16:13:07,298 - DEBUG - Price Range (High - Low): Mean = 0.47, 1\u03c3 = 0.79, 2\u03c3 = 1.11
2024-10-02 16:13:08,242 - DEBUG - Price Range (Open - Close): Mean = 0.24, 1\u03c3 = 0.50, 2\u03c3 = 0.76
2024-10-02 16:13:08,441 - INFO - Successfully calculated and plotted standard deviations for price ranges.
